info: Server running on PORT 3100 {"timestamp":"2023-10-10T18:44:43.635Z"}
info: Server running on PORT 3100 {"timestamp":"2023-10-10T18:47:43.506Z"}
info: Server running on PORT 3100 {"timestamp":"2023-10-10T18:48:17.249Z"}
info: Server running on PORT 3100 {"timestamp":"2023-10-10T18:49:52.731Z"}
info: Server running on PORT 3100 {"timestamp":"2023-10-10T19:54:23.431Z"}
info: POST /auth/register {"timestamp":"2023-10-10T19:54:44.952Z"}
info: Server running on PORT 3100 {"timestamp":"2023-10-10T19:55:57.469Z"}
info: Server running on PORT 3100 {"timestamp":"2023-10-10T19:56:49.045Z"}
info: Server running on PORT 3100 {"timestamp":"2023-10-10T19:57:20.365Z"}
info: Server running on PORT 3100 {"timestamp":"2023-10-10T19:57:56.249Z"}
info: POST /auth/register {"timestamp":"2023-10-10T19:58:32.084Z"}
info: POST /auth/register {"timestamp":"2023-10-10T19:58:56.080Z"}
info: Server running on PORT 3100 {"timestamp":"2023-10-10T20:02:51.830Z"}
info: Server running on PORT 3100 {"timestamp":"2023-10-10T20:03:14.627Z"}
info: POST /auth/register {"timestamp":"2023-10-10T20:03:22.468Z"}
info: Server running on PORT 3100 {"timestamp":"2023-10-10T20:04:44.786Z"}
info: POST /auth/register {"timestamp":"2023-10-10T20:04:57.660Z"}
info: POST /auth/register {"timestamp":"2023-10-10T20:05:32.169Z"}
info: Server running on PORT 3100 {"timestamp":"2023-10-10T20:06:46.154Z"}
info: Server running on PORT 3100 {"timestamp":"2023-10-10T20:06:52.671Z"}
info: POST /auth/register {"timestamp":"2023-10-10T20:07:00.121Z"}
info: Server running on PORT 3100 {"timestamp":"2023-10-10T20:07:26.707Z"}
info: Server running on PORT 3100 {"timestamp":"2023-10-10T20:07:57.744Z"}
info: Server running on PORT 3100 {"timestamp":"2023-10-10T20:08:08.484Z"}
info: POST /auth/register {"timestamp":"2023-10-10T20:08:57.091Z"}
info: Server running on PORT 3100 {"timestamp":"2023-10-10T20:09:37.683Z"}
info: Server running on PORT 3100 {"timestamp":"2023-10-10T20:09:40.594Z"}
info: POST /auth/register {"timestamp":"2023-10-10T20:09:58.954Z"}
info: Server running on PORT 3100 {"timestamp":"2023-10-10T20:10:43.884Z"}
info: Server running on PORT 3100 {"timestamp":"2023-10-10T20:18:52.678Z"}
info: POST /auth/register {"timestamp":"2023-10-10T20:18:58.887Z"}
info: POST /auth/register {"timestamp":"2023-10-10T20:19:20.237Z"}
info: Server running on PORT 3100 {"timestamp":"2023-10-10T20:19:51.753Z"}
info: POST /auth/register {"timestamp":"2023-10-10T20:19:58.334Z"}
info: Server running on PORT 3100 {"timestamp":"2023-10-10T20:24:58.412Z"}
info: Server running on PORT 3100 {"timestamp":"2023-10-10T20:25:40.730Z"}
info: Server running on PORT 3100 {"timestamp":"2023-10-10T20:25:47.096Z"}
info: Server running on PORT 3100 {"timestamp":"2023-10-11T15:27:57.567Z"}
info: Server running on PORT 3100 {"timestamp":"2023-10-11T15:30:00.609Z"}
info: Server running on PORT 3100 {"timestamp":"2023-10-11T15:32:06.395Z"}
info: POST /auth/register {"timestamp":"2023-10-11T15:32:22.982Z"}
info: Server running on PORT 3100 {"timestamp":"2023-10-11T15:34:03.527Z"}
info: Server running on PORT 3100 {"timestamp":"2023-10-11T15:34:36.352Z"}
info: Server running on PORT 3100 {"timestamp":"2023-10-11T15:34:40.269Z"}
info: Server running on PORT 3100 {"timestamp":"2023-10-11T15:35:03.297Z"}
info: POST /auth/register {"timestamp":"2023-10-11T15:35:08.729Z"}
info: Server running on PORT 3100 {"timestamp":"2023-10-11T15:36:39.112Z"}
info: Server running on PORT 3100 {"timestamp":"2023-10-11T15:36:47.538Z"}
info: Server running on PORT 3100 {"timestamp":"2023-10-11T15:36:55.372Z"}
info: POST /auth/register {"timestamp":"2023-10-11T15:36:59.008Z"}
info: Server running on PORT 3100 {"timestamp":"2023-10-11T17:10:27.184Z"}
info: Server running on PORT 3100 {"timestamp":"2023-10-11T17:11:19.830Z"}
info: Server running on PORT 3100 {"timestamp":"2023-10-11T17:12:36.745Z"}
info: POST /auth/register {"timestamp":"2023-10-11T17:14:10.977Z"}
info: Server running on PORT 3100 {"timestamp":"2023-10-11T17:20:02.242Z"}
info: Server running on PORT 3100 {"timestamp":"2023-10-11T17:20:28.166Z"}
info: POST /auth/register {"timestamp":"2023-10-11T17:29:14.676Z"}
info: POST /auth/register {"timestamp":"2023-10-11T17:31:26.273Z"}
info: POST /auth/register {"timestamp":"2023-10-11T17:32:46.385Z"}
info: Server running on PORT 3100 {"timestamp":"2023-10-12T09:35:50.429Z"}
info: Server running on PORT 3100 {"timestamp":"2023-10-12T09:36:10.914Z"}
info: Server running on PORT 3100 {"timestamp":"2023-10-12T09:36:21.954Z"}
info: POST /auth/register {"timestamp":"2023-10-12T09:40:13.859Z"}
info: POST /auth/users {"timestamp":"2023-10-12T09:40:43.324Z"}
info: Server running on PORT 3100 {"timestamp":"2023-10-12T09:42:47.151Z"}
info: POST /auth/user {"timestamp":"2023-10-12T09:55:53.767Z"}
info: Server running on PORT 3100 {"timestamp":"2023-10-12T09:58:10.277Z"}
info: POST /auth/users {"timestamp":"2023-10-12T09:58:28.785Z"}
info: Server running on PORT 3100 {"timestamp":"2023-10-12T09:59:05.660Z"}
info: POST /auth/user {"timestamp":"2023-10-12T09:59:23.016Z"}
info: POST /auth/admin {"timestamp":"2023-10-12T10:02:01.362Z"}
info: POST /auth/user/login {"timestamp":"2023-10-12T10:05:38.213Z"}
info: Server running on PORT 3100 {"timestamp":"2023-10-12T10:33:14.674Z"}
info: Server running on PORT 3100 {"timestamp":"2023-10-12T10:36:59.936Z"}
info: Server running on PORT 3100 {"timestamp":"2023-10-12T10:55:50.696Z"}
info: Server running on PORT 3100 {"timestamp":"2023-10-12T10:59:59.861Z"}
info: Server running on PORT 3100 {"timestamp":"2023-10-12T11:00:03.982Z"}
info: Server running on PORT 3100 {"timestamp":"2023-10-12T11:00:21.878Z"}
info: Server running on PORT 3100 {"timestamp":"2023-10-12T11:00:44.693Z"}
info: Server running on PORT 3100 {"timestamp":"2023-10-12T11:00:56.186Z"}
info: Server running on PORT 3100 {"timestamp":"2023-10-12T11:01:04.469Z"}
info: Server running on PORT 3100 {"timestamp":"2023-10-12T11:01:13.584Z"}
info: Server running on PORT 3100 {"timestamp":"2023-10-12T11:01:28.163Z"}
info: Server running on PORT 3100 {"timestamp":"2023-10-12T11:01:39.031Z"}
info: Server running on PORT 3100 {"timestamp":"2023-10-12T11:01:44.121Z"}
info: Server running on PORT 3100 {"timestamp":"2023-10-12T11:01:51.150Z"}
info: Server running on PORT 3100 {"timestamp":"2023-10-12T11:02:09.587Z"}
info: Server running on PORT 3100 {"timestamp":"2023-10-12T11:02:12.443Z"}
info: Server running on PORT 3100 {"timestamp":"2023-10-12T11:02:19.983Z"}
info: Server running on PORT 3100 {"timestamp":"2023-10-12T11:02:26.426Z"}
info: Server running on PORT 3100 {"timestamp":"2023-10-12T11:02:37.174Z"}
info: Server running on PORT 3100 {"timestamp":"2023-10-12T11:02:41.646Z"}
info: Server running on PORT 3100 {"timestamp":"2023-10-12T11:03:14.929Z"}
info: POST /auth/user {"timestamp":"2023-10-12T11:11:05.765Z"}
info: Server running on PORT 3100 {"timestamp":"2023-10-12T12:08:43.514Z"}
info: Server running on PORT 3100 {"timestamp":"2023-10-12T12:09:02.382Z"}
info: Server running on PORT 3100 {"timestamp":"2023-10-12T12:09:16.185Z"}
info: Server running on PORT 3100 {"timestamp":"2023-10-12T12:09:26.047Z"}
info: Server running on PORT 3100 {"timestamp":"2023-10-12T12:09:35.045Z"}
info: Server running on PORT 3100 {"timestamp":"2023-10-12T12:09:42.211Z"}
info: Server running on PORT 3100 {"timestamp":"2023-10-12T12:09:49.807Z"}
info: Server running on PORT 3100 {"timestamp":"2023-10-12T12:10:01.203Z"}
info: Server running on PORT 3100 {"timestamp":"2023-10-12T12:10:11.142Z"}
info: Server running on PORT 3100 {"timestamp":"2023-10-12T12:10:21.121Z"}
info: Server running on PORT 3100 {"timestamp":"2023-10-12T12:10:28.511Z"}
info: Server running on PORT 3100 {"timestamp":"2023-10-12T12:10:49.716Z"}
info: Server running on PORT 3100 {"timestamp":"2023-10-12T12:11:41.832Z"}
info: POST /auth/user {"timestamp":"2023-10-12T12:13:00.905Z"}
info: Server running on PORT 3100 {"timestamp":"2023-10-12T12:14:12.626Z"}
info: POST /auth/user {"timestamp":"2023-10-12T12:17:17.171Z"}
info: Server running on PORT 3100 {"timestamp":"2023-10-12T12:20:36.900Z"}
info: Server running on PORT 3100 {"timestamp":"2023-10-12T12:21:05.555Z"}
info: POST /auth/user {"timestamp":"2023-10-12T12:25:23.665Z"}
info: POST /auth/user {"timestamp":"2023-10-12T12:26:21.343Z"}
info: Server running on PORT 3100 {"timestamp":"2023-10-12T12:58:24.413Z"}
info: Server running on PORT 3100 {"timestamp":"2023-10-12T12:58:48.997Z"}
info: Server running on PORT 3100 {"timestamp":"2023-10-12T12:59:15.514Z"}
info: POST /auth/user/login {"timestamp":"2023-10-12T13:02:49.180Z"}
info: Server running on PORT 3100 {"timestamp":"2023-10-12T13:07:48.832Z"}
info: Server running on PORT 3100 {"timestamp":"2023-10-12T13:08:09.007Z"}
info: POST /auth/user/login {"timestamp":"2023-10-12T13:08:58.703Z"}
info: Server running on PORT 3100 {"timestamp":"2023-10-12T13:10:18.910Z"}
info: POST /auth/user/login {"timestamp":"2023-10-12T13:10:30.922Z"}
info: Server running on PORT 3100 {"timestamp":"2023-10-12T13:11:07.911Z"}
info: Server running on PORT 3100 {"timestamp":"2023-10-12T13:11:12.381Z"}
info: Server running on PORT 3100 {"timestamp":"2023-10-12T13:11:37.415Z"}
info: Server running on PORT 3100 {"timestamp":"2023-10-12T13:11:50.183Z"}
info: POST /auth/user/login {"timestamp":"2023-10-12T13:11:55.296Z"}
info: Server running on PORT 3100 {"timestamp":"2023-10-12T13:33:14.220Z"}
info: Server running on PORT 3100 {"timestamp":"2023-10-12T13:35:43.770Z"}
info: Server running on PORT 3100 {"timestamp":"2023-10-12T13:35:54.382Z"}
info: Server running on PORT 3100 {"timestamp":"2023-10-12T13:37:02.827Z"}
info: Server running on PORT 3100 {"timestamp":"2023-10-12T13:38:05.066Z"}
info: Server running on PORT 3100 {"timestamp":"2023-10-12T13:38:21.085Z"}
info: Server running on PORT 3100 {"timestamp":"2023-10-12T13:40:04.799Z"}
info: Server running on PORT 3100 {"timestamp":"2023-10-12T13:40:44.615Z"}
info: Server running on PORT 3100 {"timestamp":"2023-10-12T13:40:52.333Z"}
info: POST /auth/user/login {"timestamp":"2023-10-12T13:43:39.290Z"}
info: POST /auth/user/login {"timestamp":"2023-10-12T13:44:03.850Z"}
info: POST /auth/user/login {"timestamp":"2023-10-12T13:44:16.137Z"}
info: Server running on PORT 3100 {"timestamp":"2023-10-12T13:51:01.641Z"}
info: POST /auth/user/login {"timestamp":"2023-10-12T13:51:27.499Z"}
info: Server running on PORT 3100 {"timestamp":"2023-10-12T13:52:16.941Z"}
info: POST /auth/user/login {"timestamp":"2023-10-12T13:52:59.858Z"}
info: POST /auth/user/login {"timestamp":"2023-10-12T13:53:07.968Z"}
info: POST /auth/user/login {"timestamp":"2023-10-12T13:54:27.951Z"}
info: POST /auth/user/login {"timestamp":"2023-10-12T13:55:18.979Z"}
info: Server running on PORT 3100 {"timestamp":"2023-10-12T13:56:58.850Z"}
info: Server running on PORT 3100 {"timestamp":"2023-10-12T13:57:51.630Z"}
info: POST /auth/user/login {"timestamp":"2023-10-12T13:58:10.706Z"}
info: POST /auth/user/login {"timestamp":"2023-10-12T13:58:42.854Z"}
info: Server running on PORT 3100 {"timestamp":"2023-10-12T14:00:29.243Z"}
info: POST /auth/user/login {"timestamp":"2023-10-12T14:01:15.224Z"}
info: Server running on PORT 3100 {"timestamp":"2023-10-12T14:05:29.536Z"}
info: POST /auth/user/login {"timestamp":"2023-10-12T14:05:44.309Z"}
info: Server running on PORT 3100 {"timestamp":"2023-10-12T14:08:46.986Z"}
info: POST /auth/users/login {"timestamp":"2023-10-12T14:13:13.785Z"}
info: POST /auth/user/login {"timestamp":"2023-10-12T14:13:28.337Z"}
info: Server running on PORT 3100 {"timestamp":"2023-10-12T14:16:15.525Z"}
info: Server running on PORT 3100 {"timestamp":"2023-10-12T14:16:37.977Z"}
info: POST /auth/user/login {"timestamp":"2023-10-12T14:17:46.202Z"}
info: Server running on PORT 3100 {"timestamp":"2023-10-12T14:19:05.744Z"}
info: POST /auth/user/login {"timestamp":"2023-10-12T14:19:27.714Z"}
info: Server running on PORT 3100 {"timestamp":"2023-10-12T14:22:16.997Z"}
info: Server running on PORT 3100 {"timestamp":"2023-10-12T14:23:06.521Z"}
info: POST /auth/user/login {"timestamp":"2023-10-12T14:23:38.077Z"}
info: Server running on PORT 3100 {"timestamp":"2023-10-12T17:28:46.099Z"}
info: Server running on PORT 3100 {"timestamp":"2023-10-12T17:29:00.325Z"}
info: Server running on PORT 3100 {"timestamp":"2023-10-12T17:29:06.636Z"}
info: Server running on PORT 3100 {"timestamp":"2023-10-12T17:29:15.144Z"}
info: Server running on PORT 3100 {"timestamp":"2023-10-12T17:29:21.909Z"}
info: Server running on PORT 3100 {"timestamp":"2023-10-12T17:29:31.930Z"}
info: Server running on PORT 3100 {"timestamp":"2023-10-12T17:29:36.151Z"}
info: Server running on PORT 3100 {"timestamp":"2023-10-12T17:29:41.379Z"}
info: Server running on PORT 3100 {"timestamp":"2023-10-12T17:29:48.466Z"}
info: Server running on PORT 3100 {"timestamp":"2023-10-12T17:29:54.583Z"}
info: Server running on PORT 3100 {"timestamp":"2023-10-12T17:29:59.506Z"}
info: Server running on PORT 3100 {"timestamp":"2023-10-12T17:30:16.047Z"}
info: Server running on PORT 3100 {"timestamp":"2023-10-12T17:30:23.631Z"}
info: Server running on PORT 3100 {"timestamp":"2023-10-12T17:30:26.407Z"}
info: Server running on PORT 3100 {"timestamp":"2023-10-12T17:30:34.615Z"}
info: Server running on PORT 3100 {"timestamp":"2023-10-12T17:30:46.272Z"}
info: Server running on PORT 3100 {"timestamp":"2023-10-12T17:30:51.224Z"}
info: Server running on PORT 3100 {"timestamp":"2023-10-12T17:33:23.966Z"}
info: Server running on PORT 3100 {"timestamp":"2023-10-12T17:52:48.024Z"}
info: Server running on PORT 3100 {"timestamp":"2023-10-12T17:53:27.733Z"}
info: Server running on PORT 3100 {"timestamp":"2023-10-12T17:55:02.810Z"}
info: Server running on PORT 3100 {"timestamp":"2023-10-12T17:55:08.289Z"}
info: Server running on PORT 3100 {"timestamp":"2023-10-12T17:55:11.267Z"}
info: Server running on PORT 3100 {"timestamp":"2023-10-12T17:55:16.073Z"}
info: Server running on PORT 3100 {"timestamp":"2023-10-12T17:55:21.890Z"}
info: Server running on PORT 3100 {"timestamp":"2023-10-12T17:55:24.271Z"}
info: Server running on PORT 3100 {"timestamp":"2023-10-12T17:55:36.198Z"}
info: Server running on PORT 3100 {"timestamp":"2023-10-12T17:55:39.472Z"}
info: Server running on PORT 3100 {"timestamp":"2023-10-12T17:55:45.941Z"}
info: Server running on PORT 3100 {"timestamp":"2023-10-12T17:55:52.371Z"}
info: Server running on PORT 3100 {"timestamp":"2023-10-12T17:55:55.777Z"}
info: Server running on PORT 3100 {"timestamp":"2023-10-12T17:56:00.771Z"}
info: Server running on PORT 3100 {"timestamp":"2023-10-12T17:56:05.178Z"}
info: Server running on PORT 3100 {"timestamp":"2023-10-12T17:56:07.768Z"}
info: Server running on PORT 3100 {"timestamp":"2023-10-12T17:56:11.221Z"}
info: Server running on PORT 3100 {"timestamp":"2023-10-12T17:56:21.905Z"}
info: Server running on PORT 3100 {"timestamp":"2023-10-12T17:56:24.862Z"}
info: Server running on PORT 3100 {"timestamp":"2023-10-12T17:56:31.848Z"}
info: Server running on PORT 3100 {"timestamp":"2023-10-12T17:56:43.268Z"}
info: Server running on PORT 3100 {"timestamp":"2023-10-12T17:56:45.507Z"}
info: Server running on PORT 3100 {"timestamp":"2023-10-12T17:56:55.475Z"}
info: Server running on PORT 3100 {"timestamp":"2023-10-12T17:57:28.746Z"}
info: Server running on PORT 3100 {"timestamp":"2023-10-12T17:57:31.716Z"}
info: Server running on PORT 3100 {"timestamp":"2023-10-12T18:26:51.906Z"}
info: Server running on PORT 3100 {"timestamp":"2023-10-12T18:26:56.890Z"}
info: Server running on PORT 3100 {"timestamp":"2023-10-12T18:26:59.589Z"}
info: Server running on PORT 3100 {"timestamp":"2023-10-12T18:27:05.104Z"}
info: Server running on PORT 3100 {"timestamp":"2023-10-12T18:27:10.294Z"}
info: Server running on PORT 3100 {"timestamp":"2023-10-12T18:27:16.763Z"}
info: Server running on PORT 3100 {"timestamp":"2023-10-12T18:27:23.047Z"}
info: Server running on PORT 3100 {"timestamp":"2023-10-12T18:27:32.622Z"}
info: Server running on PORT 3100 {"timestamp":"2023-10-12T18:27:35.214Z"}
info: Server running on PORT 3100 {"timestamp":"2023-10-12T18:27:44.691Z"}
info: Server running on PORT 3100 {"timestamp":"2023-10-12T18:27:51.490Z"}
info: Server running on PORT 3100 {"timestamp":"2023-10-12T18:27:58.003Z"}
info: Server running on PORT 3100 {"timestamp":"2023-10-12T18:28:03.191Z"}
info: Server running on PORT 3100 {"timestamp":"2023-10-12T18:28:06.253Z"}
info: Server running on PORT 3100 {"timestamp":"2023-10-12T18:28:14.232Z"}
info: Server running on PORT 3100 {"timestamp":"2023-10-12T18:28:19.123Z"}
info: Server running on PORT 3100 {"timestamp":"2023-10-12T18:29:09.229Z"}
info: Server running on PORT 3100 {"timestamp":"2023-10-12T18:29:18.507Z"}
info: Server running on PORT 3100 {"timestamp":"2023-10-12T18:29:29.702Z"}
info: Server running on PORT 3100 {"timestamp":"2023-10-12T18:29:40.096Z"}
info: Server running on PORT 3100 {"timestamp":"2023-10-12T18:29:44.243Z"}
info: Server running on PORT 3100 {"timestamp":"2023-10-12T18:29:47.834Z"}
info: Server running on PORT 3100 {"timestamp":"2023-10-12T18:29:50.773Z"}
info: Server running on PORT 3100 {"timestamp":"2023-10-12T18:30:00.862Z"}
info: Server running on PORT 3100 {"timestamp":"2023-10-12T18:30:05.177Z"}
info: Server running on PORT 3100 {"timestamp":"2023-10-12T18:32:01.160Z"}
info: Server running on PORT 3100 {"timestamp":"2023-10-12T18:32:04.330Z"}
info: Server running on PORT 3100 {"timestamp":"2023-10-12T18:32:10.398Z"}
info: Server running on PORT 3100 {"timestamp":"2023-10-12T18:32:23.534Z"}
info: Server running on PORT 3100 {"timestamp":"2023-10-12T18:32:25.832Z"}
info: Server running on PORT 3100 {"timestamp":"2023-10-12T18:32:29.348Z"}
info: Server running on PORT 3100 {"timestamp":"2023-10-12T18:32:38.588Z"}
info: Server running on PORT 3100 {"timestamp":"2023-10-12T18:32:41.147Z"}
info: Server running on PORT 3100 {"timestamp":"2023-10-12T18:32:46.033Z"}
info: Server running on PORT 3100 {"timestamp":"2023-10-12T18:32:49.746Z"}
info: Server running on PORT 3100 {"timestamp":"2023-10-12T18:32:53.985Z"}
info: Server running on PORT 3100 {"timestamp":"2023-10-12T18:33:24.469Z"}
info: Server running on PORT 3100 {"timestamp":"2023-10-12T18:33:29.837Z"}
info: Server running on PORT 3100 {"timestamp":"2023-10-12T18:33:38.815Z"}
info: Server running on PORT 3100 {"timestamp":"2023-10-12T18:33:41.484Z"}
info: Server running on PORT 3100 {"timestamp":"2023-10-12T18:33:46.169Z"}
info: Server running on PORT 3100 {"timestamp":"2023-10-12T18:34:00.877Z"}
info: Server running on PORT 3100 {"timestamp":"2023-10-12T18:34:10.182Z"}
info: Server running on PORT 3100 {"timestamp":"2023-10-12T18:34:17.017Z"}
info: Server running on PORT 3100 {"timestamp":"2023-10-12T18:34:25.475Z"}
info: Server running on PORT 3100 {"timestamp":"2023-10-12T18:34:31.799Z"}
info: Server running on PORT 3100 {"timestamp":"2023-10-12T18:34:38.862Z"}
info: Server running on PORT 3100 {"timestamp":"2023-10-12T18:34:49.935Z"}
info: Server running on PORT 3100 {"timestamp":"2023-10-12T18:34:54.458Z"}
info: Server running on PORT 3100 {"timestamp":"2023-10-12T18:35:06.400Z"}
info: Server running on PORT 3100 {"timestamp":"2023-10-12T18:35:08.559Z"}
info: Server running on PORT 3100 {"timestamp":"2023-10-12T18:35:31.484Z"}
info: Server running on PORT 3100 {"timestamp":"2023-10-12T18:35:36.228Z"}
info: Server running on PORT 3100 {"timestamp":"2023-10-12T18:36:05.588Z"}
info: Server running on PORT 3100 {"timestamp":"2023-10-12T18:36:10.971Z"}
info: Server running on PORT 3100 {"timestamp":"2023-10-12T18:36:19.339Z"}
info: Server running on PORT 3100 {"timestamp":"2023-10-12T18:36:31.964Z"}
info: Server running on PORT 3100 {"timestamp":"2023-10-12T18:36:38.952Z"}
info: Server running on PORT 3100 {"timestamp":"2023-10-12T18:36:44.904Z"}
info: Server running on PORT 3100 {"timestamp":"2023-10-12T18:37:06.708Z"}
info: Server running on PORT 3100 {"timestamp":"2023-10-12T18:37:12.274Z"}
info: Server running on PORT 3100 {"timestamp":"2023-10-12T18:37:15.142Z"}
info: Server running on PORT 3100 {"timestamp":"2023-10-12T18:37:23.666Z"}
info: Server running on PORT 3100 {"timestamp":"2023-10-12T18:37:38.798Z"}
info: Server running on PORT 3100 {"timestamp":"2023-10-12T18:37:46.559Z"}
info: Server running on PORT 3100 {"timestamp":"2023-10-12T18:37:54.632Z"}
info: Server running on PORT 3100 {"timestamp":"2023-10-12T18:37:57.370Z"}
info: Server running on PORT 3100 {"timestamp":"2023-10-12T18:38:01.154Z"}
info: Server running on PORT 3100 {"timestamp":"2023-10-12T18:38:03.890Z"}
info: Server running on PORT 3100 {"timestamp":"2023-10-12T18:38:11.980Z"}
info: Server running on PORT 3100 {"timestamp":"2023-10-12T18:38:16.330Z"}
info: Server running on PORT 3100 {"timestamp":"2023-10-12T18:38:22.148Z"}
info: Server running on PORT 3100 {"timestamp":"2023-10-12T18:38:25.908Z"}
info: Server running on PORT 3100 {"timestamp":"2023-10-12T18:38:30.813Z"}
info: Server running on PORT 3100 {"timestamp":"2023-10-12T18:38:48.681Z"}
info: Server running on PORT 3100 {"timestamp":"2023-10-12T18:48:16.275Z"}
info: Server running on PORT 3100 {"timestamp":"2023-10-12T18:48:24.543Z"}
info: Server running on PORT 3100 {"timestamp":"2023-10-12T18:48:46.596Z"}
info: Server running on PORT 3100 {"timestamp":"2023-10-12T18:52:30.148Z"}
info: Server running on PORT 3100 {"timestamp":"2023-10-12T18:52:36.907Z"}
info: Server running on PORT 3100 {"timestamp":"2023-10-12T18:52:47.712Z"}
info: Server running on PORT 3100 {"timestamp":"2023-10-12T18:52:51.738Z"}
info: Server running on PORT 3100 {"timestamp":"2023-10-12T18:52:55.360Z"}
info: Server running on PORT 3100 {"timestamp":"2023-10-12T18:53:05.350Z"}
info: Server running on PORT 3100 {"timestamp":"2023-10-12T18:53:07.855Z"}
info: Server running on PORT 3100 {"timestamp":"2023-10-12T18:53:11.702Z"}
info: Server running on PORT 3100 {"timestamp":"2023-10-12T18:53:16.413Z"}
info: Server running on PORT 3100 {"timestamp":"2023-10-12T18:53:27.139Z"}
info: Server running on PORT 3100 {"timestamp":"2023-10-12T18:53:34.731Z"}
info: Server running on PORT 3100 {"timestamp":"2023-10-12T18:53:42.871Z"}
info: Server running on PORT 3100 {"timestamp":"2023-10-12T18:53:49.627Z"}
info: Server running on PORT 3100 {"timestamp":"2023-10-12T18:53:51.881Z"}
info: Server running on PORT 3100 {"timestamp":"2023-10-12T18:53:57.862Z"}
info: Server running on PORT 3100 {"timestamp":"2023-10-12T19:02:02.330Z"}
info: Server running on PORT 3100 {"timestamp":"2023-10-12T19:02:34.362Z"}
info: Server running on PORT 3100 {"timestamp":"2023-10-12T19:02:41.877Z"}
info: Server running on PORT 3100 {"timestamp":"2023-10-12T19:02:50.301Z"}
info: Server running on PORT 3100 {"timestamp":"2023-10-12T19:03:02.698Z"}
info: Server running on PORT 3100 {"timestamp":"2023-10-12T19:03:05.971Z"}
info: Server running on PORT 3100 {"timestamp":"2023-10-12T19:03:11.724Z"}
info: Server running on PORT 3100 {"timestamp":"2023-10-12T19:03:19.017Z"}
info: Server running on PORT 3100 {"timestamp":"2023-10-12T19:03:27.808Z"}
info: Server running on PORT 3100 {"timestamp":"2023-10-12T19:03:32.840Z"}
info: Server running on PORT 3100 {"timestamp":"2023-10-12T19:03:34.819Z"}
info: Server running on PORT 3100 {"timestamp":"2023-10-12T19:03:55.881Z"}
info: Server running on PORT 3100 {"timestamp":"2023-10-12T19:03:58.595Z"}
info: Server running on PORT 3100 {"timestamp":"2023-10-12T19:04:04.295Z"}
info: Server running on PORT 3100 {"timestamp":"2023-10-12T19:04:13.271Z"}
info: Server running on PORT 3100 {"timestamp":"2023-10-12T19:04:21.025Z"}
info: Server running on PORT 3100 {"timestamp":"2023-10-12T19:04:24.112Z"}
info: Server running on PORT 3100 {"timestamp":"2023-10-12T19:04:43.143Z"}
info: Server running on PORT 3100 {"timestamp":"2023-10-12T19:04:48.970Z"}
info: Server running on PORT 3100 {"timestamp":"2023-10-12T19:04:58.049Z"}
info: Server running on PORT 3100 {"timestamp":"2023-10-12T19:05:03.617Z"}
info: Server running on PORT 3100 {"timestamp":"2023-10-12T19:05:18.997Z"}
info: Server running on PORT 3100 {"timestamp":"2023-10-12T19:05:31.092Z"}
info: Server running on PORT 3100 {"timestamp":"2023-10-12T19:05:35.625Z"}
info: Server running on PORT 3100 {"timestamp":"2023-10-12T19:05:54.185Z"}
info: Server running on PORT 3100 {"timestamp":"2023-10-12T19:06:02.154Z"}
info: Server running on PORT 3100 {"timestamp":"2023-10-12T19:06:26.185Z"}
info: Server running on PORT 3100 {"timestamp":"2023-10-12T19:06:28.856Z"}
info: Server running on PORT 3100 {"timestamp":"2023-10-12T19:06:56.469Z"}
info: Server running on PORT 3100 {"timestamp":"2023-10-12T19:06:59.693Z"}
info: Server running on PORT 3100 {"timestamp":"2023-10-12T19:07:03.277Z"}
info: Server running on PORT 3100 {"timestamp":"2023-10-12T19:07:05.870Z"}
info: Server running on PORT 3100 {"timestamp":"2023-10-12T19:07:07.866Z"}
info: Server running on PORT 3100 {"timestamp":"2023-10-12T19:07:15.869Z"}
info: Server running on PORT 3100 {"timestamp":"2023-10-12T19:07:21.345Z"}
info: Server running on PORT 3100 {"timestamp":"2023-10-12T19:07:24.990Z"}
info: Server running on PORT 3100 {"timestamp":"2023-10-12T19:07:27.364Z"}
info: Server running on PORT 3100 {"timestamp":"2023-10-12T19:07:30.064Z"}
info: Server running on PORT 3100 {"timestamp":"2023-10-12T19:07:32.051Z"}
info: Server running on PORT 3100 {"timestamp":"2023-10-12T19:07:34.935Z"}
info: Server running on PORT 3100 {"timestamp":"2023-10-12T19:07:42.390Z"}
info: Server running on PORT 3100 {"timestamp":"2023-10-12T19:07:44.657Z"}
info: Server running on PORT 3100 {"timestamp":"2023-10-12T19:07:49.221Z"}
info: Server running on PORT 3100 {"timestamp":"2023-10-12T19:07:51.994Z"}
info: Server running on PORT 3100 {"timestamp":"2023-10-12T19:07:55.123Z"}
info: Server running on PORT 3100 {"timestamp":"2023-10-12T19:08:00.895Z"}
info: Server running on PORT 3100 {"timestamp":"2023-10-12T19:08:04.507Z"}
info: Server running on PORT 3100 {"timestamp":"2023-10-12T19:08:07.672Z"}
info: Server running on PORT 3100 {"timestamp":"2023-10-12T19:08:14.149Z"}
info: Server running on PORT 3100 {"timestamp":"2023-10-12T19:08:24.159Z"}
info: Server running on PORT 3100 {"timestamp":"2023-10-12T19:08:26.989Z"}
info: Server running on PORT 3100 {"timestamp":"2023-10-12T19:08:29.767Z"}
info: Server running on PORT 3100 {"timestamp":"2023-10-12T19:08:37.562Z"}
info: Server running on PORT 3100 {"timestamp":"2023-10-12T19:09:05.516Z"}
info: Server running on PORT 3100 {"timestamp":"2023-10-13T08:02:05.771Z"}
info: Server running on PORT 3100 {"timestamp":"2023-10-13T08:02:13.742Z"}
info: Server running on PORT 3100 {"timestamp":"2023-10-13T08:03:00.745Z"}
info: Server running on PORT 3100 {"timestamp":"2023-10-13T08:55:04.292Z"}
info: Server running on PORT 3100 {"timestamp":"2023-10-13T08:57:18.908Z"}
info: Server running on PORT 3100 {"timestamp":"2023-10-13T08:57:24.689Z"}
info: Server running on PORT 3100 {"timestamp":"2023-10-13T08:57:33.259Z"}
info: Server running on PORT 3100 {"timestamp":"2023-10-13T08:57:38.393Z"}
info: Server running on PORT 3100 {"timestamp":"2023-10-13T08:57:41.679Z"}
info: Server running on PORT 3100 {"timestamp":"2023-10-13T08:57:45.883Z"}
info: Server running on PORT 3100 {"timestamp":"2023-10-13T08:57:48.985Z"}
info: Server running on PORT 3100 {"timestamp":"2023-10-13T08:57:56.460Z"}
info: Server running on PORT 3100 {"timestamp":"2023-10-13T08:58:02.215Z"}
info: Server running on PORT 3100 {"timestamp":"2023-10-13T08:58:05.012Z"}
info: Server running on PORT 3100 {"timestamp":"2023-10-13T08:58:14.253Z"}
info: Server running on PORT 3100 {"timestamp":"2023-10-13T09:13:36.548Z"}
info: Server running on PORT 3100 {"timestamp":"2023-10-13T09:15:48.494Z"}
info: Server running on PORT 3100 {"timestamp":"2023-10-13T09:15:59.276Z"}
info: Server running on PORT 3100 {"timestamp":"2023-10-13T09:16:26.757Z"}
info: Server running on PORT 3100 {"timestamp":"2023-10-13T09:18:04.827Z"}
info: Server running on PORT 3100 {"timestamp":"2023-10-13T09:19:17.290Z"}
info: Server running on PORT 3100 {"timestamp":"2023-10-13T16:37:05.176Z"}
info: POST /account/create {"timestamp":"2023-10-13T16:38:55.149Z"}
info: POST /auth/user/login {"timestamp":"2023-10-13T16:39:23.328Z"}
info: Server running on PORT 3100 {"timestamp":"2023-10-13T16:40:28.474Z"}
info: Server running on PORT 3100 {"timestamp":"2023-10-14T12:44:05.671Z"}
info: Server running on PORT 3100 {"timestamp":"2023-10-14T12:44:17.923Z"}
info: Server running on PORT 3100 {"timestamp":"2023-10-14T12:44:20.026Z"}
info: Server running on PORT 3100 {"timestamp":"2023-10-14T12:46:00.359Z"}
info: Server running on PORT 3100 {"timestamp":"2023-10-14T12:46:08.545Z"}
info: Server running on PORT 3100 {"timestamp":"2023-10-14T12:47:05.195Z"}
info: Server running on PORT 3100 {"timestamp":"2023-10-14T12:47:12.940Z"}
info: Server running on PORT 3100 {"timestamp":"2023-10-14T12:47:32.144Z"}
info: Server running on PORT 3100 {"timestamp":"2023-10-14T12:47:34.284Z"}
info: Server running on PORT 3100 {"timestamp":"2023-10-14T12:47:53.947Z"}
info: Server running on PORT 3100 {"timestamp":"2023-10-14T12:47:59.557Z"}
info: Server running on PORT 3100 {"timestamp":"2023-10-14T12:48:07.542Z"}
info: Server running on PORT 3100 {"timestamp":"2023-10-14T12:48:44.888Z"}
info: Server running on PORT 3100 {"timestamp":"2023-10-14T12:48:49.332Z"}
info: Server running on PORT 3100 {"timestamp":"2023-10-14T12:49:31.717Z"}
info: Server running on PORT 3100 {"timestamp":"2023-10-14T12:49:39.832Z"}
info: Server running on PORT 3100 {"timestamp":"2023-10-14T12:49:41.400Z"}
info: Server running on PORT 3100 {"timestamp":"2023-10-14T12:50:36.457Z"}
info: Server running on PORT 3100 {"timestamp":"2023-10-14T12:50:57.813Z"}
info: Server running on PORT 3100 {"timestamp":"2023-10-14T12:51:42.586Z"}
info: Server running on PORT 3100 {"timestamp":"2023-10-14T12:52:07.739Z"}
info: Server running on PORT 3100 {"timestamp":"2023-10-14T12:52:37.654Z"}
info: Server running on PORT 3100 {"timestamp":"2023-10-14T12:52:40.228Z"}
info: Server running on PORT 3100 {"timestamp":"2023-10-14T12:52:42.138Z"}
info: Server running on PORT 3100 {"timestamp":"2023-10-14T12:52:45.957Z"}
info: Server running on PORT 3100 {"timestamp":"2023-10-14T12:52:49.452Z"}
info: Server running on PORT 3100 {"timestamp":"2023-10-14T12:52:53.305Z"}
info: Server running on PORT 3100 {"timestamp":"2023-10-14T12:53:12.544Z"}
info: Server running on PORT 3100 {"timestamp":"2023-10-14T12:53:19.155Z"}
info: Server running on PORT 3100 {"timestamp":"2023-10-14T12:53:30.581Z"}
info: Server running on PORT 3100 {"timestamp":"2023-10-14T12:53:43.674Z"}
info: Server running on PORT 3100 {"timestamp":"2023-10-14T12:53:47.996Z"}
info: Server running on PORT 3100 {"timestamp":"2023-10-14T13:00:30.038Z"}
info: Server running on PORT 3100 {"timestamp":"2023-10-14T13:00:31.884Z"}
info: Server running on PORT 3100 {"timestamp":"2023-10-14T13:00:52.210Z"}
info: Server running on PORT 3100 {"timestamp":"2023-10-14T13:01:02.979Z"}
info: Server running on PORT 3100 {"timestamp":"2023-10-14T13:01:13.490Z"}
info: Server running on PORT 3100 {"timestamp":"2023-10-14T13:01:24.042Z"}
info: Server running on PORT 3100 {"timestamp":"2023-10-14T13:01:37.135Z"}
info: Server running on PORT 3100 {"timestamp":"2023-10-14T13:01:41.179Z"}
info: Server running on PORT 3100 {"timestamp":"2023-10-14T13:01:49.207Z"}
info: Server running on PORT 3100 {"timestamp":"2023-10-14T13:01:53.995Z"}
info: Server running on PORT 3100 {"timestamp":"2023-10-14T13:02:01.192Z"}
info: Server running on PORT 3100 {"timestamp":"2023-10-14T13:02:07.936Z"}
info: Server running on PORT 3100 {"timestamp":"2023-10-14T13:02:14.816Z"}
info: Server running on PORT 3100 {"timestamp":"2023-10-14T13:02:18.723Z"}
info: Server running on PORT 3100 {"timestamp":"2023-10-14T13:02:33.786Z"}
info: Server running on PORT 3100 {"timestamp":"2023-10-14T13:03:06.762Z"}
info: Server running on PORT 3100 {"timestamp":"2023-10-14T13:03:08.927Z"}
info: Server running on PORT 3100 {"timestamp":"2023-10-14T13:03:17.301Z"}
info: Server running on PORT 3100 {"timestamp":"2023-10-14T13:22:05.381Z"}
info: Server running on PORT 3100 {"timestamp":"2023-10-14T13:49:16.454Z"}
info: Server running on PORT 3100 {"timestamp":"2023-10-14T13:52:27.069Z"}
info: Server running on PORT 3100 {"timestamp":"2023-10-14T13:52:33.762Z"}
info: Server running on PORT 3100 {"timestamp":"2023-10-14T13:52:36.850Z"}
info: Server running on PORT 3100 {"timestamp":"2023-10-14T13:52:43.512Z"}
info: Server running on PORT 3100 {"timestamp":"2023-10-14T13:52:54.068Z"}
info: Server running on PORT 3100 {"timestamp":"2023-10-14T13:53:01.964Z"}
info: Server running on PORT 3100 {"timestamp":"2023-10-14T13:53:06.500Z"}
info: Server running on PORT 3100 {"timestamp":"2023-10-14T13:53:10.919Z"}
info: Server running on PORT 3100 {"timestamp":"2023-10-14T13:53:17.495Z"}
info: Server running on PORT 3100 {"timestamp":"2023-10-14T13:53:22.290Z"}
info: Server running on PORT 3100 {"timestamp":"2023-10-14T13:55:40.008Z"}
info: Server running on PORT 3100 {"timestamp":"2023-10-14T13:55:47.468Z"}
info: Server running on PORT 3100 {"timestamp":"2023-10-14T13:56:51.726Z"}
info: Server running on PORT 3100 {"timestamp":"2023-10-14T13:56:55.339Z"}
info: Server running on PORT 3100 {"timestamp":"2023-10-14T13:57:05.400Z"}
info: Server running on PORT 3100 {"timestamp":"2023-10-14T13:57:08.852Z"}
info: Server running on PORT 3100 {"timestamp":"2023-10-14T13:57:29.134Z"}
info: Server running on PORT 3100 {"timestamp":"2023-10-14T13:57:30.917Z"}
info: Server running on PORT 3100 {"timestamp":"2023-10-14T13:57:38.902Z"}
info: Server running on PORT 3100 {"timestamp":"2023-10-14T13:57:49.260Z"}
info: Server running on PORT 3100 {"timestamp":"2023-10-14T13:57:54.954Z"}
info: Server running on PORT 3100 {"timestamp":"2023-10-14T13:58:28.278Z"}
info: Server running on PORT 3100 {"timestamp":"2023-10-14T13:58:35.891Z"}
info: Server running on PORT 3100 {"timestamp":"2023-10-14T13:58:40.382Z"}
info: Server running on PORT 3100 {"timestamp":"2023-10-14T13:58:52.561Z"}
info: Server running on PORT 3100 {"timestamp":"2023-10-14T13:59:14.073Z"}
info: Server running on PORT 3100 {"timestamp":"2023-10-14T13:59:23.764Z"}
info: Server running on PORT 3100 {"timestamp":"2023-10-14T13:59:26.423Z"}
info: Server running on PORT 3100 {"timestamp":"2023-10-14T13:59:30.672Z"}
info: Server running on PORT 3100 {"timestamp":"2023-10-14T13:59:38.647Z"}
info: Server running on PORT 3100 {"timestamp":"2023-10-14T14:16:46.769Z"}
info: Server running on PORT 3100 {"timestamp":"2023-10-14T14:17:47.989Z"}
info: Server running on PORT 3100 {"timestamp":"2023-10-14T14:17:50.753Z"}
info: Server running on PORT 3100 {"timestamp":"2023-10-14T14:17:57.620Z"}
info: Server running on PORT 3100 {"timestamp":"2023-10-14T14:18:17.120Z"}
info: Server running on PORT 3100 {"timestamp":"2023-10-14T14:18:23.018Z"}
info: Server running on PORT 3100 {"timestamp":"2023-10-14T14:18:38.856Z"}
info: Server running on PORT 3100 {"timestamp":"2023-10-14T14:18:58.383Z"}
info: Server running on PORT 3100 {"timestamp":"2023-10-14T14:19:00.473Z"}
info: Server running on PORT 3100 {"timestamp":"2023-10-14T14:19:06.007Z"}
info: Server running on PORT 3100 {"timestamp":"2023-10-14T14:19:10.525Z"}
info: Server running on PORT 3100 {"timestamp":"2023-10-14T14:19:22.375Z"}
info: Server running on PORT 3100 {"timestamp":"2023-10-14T14:19:28.657Z"}
info: Server running on PORT 3100 {"timestamp":"2023-10-14T14:19:33.940Z"}
info: Server running on PORT 3100 {"timestamp":"2023-10-14T14:19:39.686Z"}
info: Server running on PORT 3100 {"timestamp":"2023-10-14T14:19:53.727Z"}
info: Server running on PORT 3100 {"timestamp":"2023-10-14T14:19:55.894Z"}
info: Server running on PORT 3100 {"timestamp":"2023-10-14T14:20:06.493Z"}
info: Server running on PORT 3100 {"timestamp":"2023-10-14T14:20:21.562Z"}
info: Server running on PORT 3100 {"timestamp":"2023-10-14T14:20:55.825Z"}
info: Server running on PORT 3100 {"timestamp":"2023-10-14T14:20:59.495Z"}
info: Server running on PORT 3100 {"timestamp":"2023-10-14T14:21:04.498Z"}
info: Server running on PORT 3100 {"timestamp":"2023-10-14T14:21:15.348Z"}
info: Server running on PORT 3100 {"timestamp":"2023-10-14T14:21:18.893Z"}
info: Server running on PORT 3100 {"timestamp":"2023-10-14T14:21:28.840Z"}
info: Server running on PORT 3100 {"timestamp":"2023-10-14T14:21:37.497Z"}
info: Server running on PORT 3100 {"timestamp":"2023-10-14T14:21:46.893Z"}
info: Server running on PORT 3100 {"timestamp":"2023-10-14T14:21:56.589Z"}
info: Server running on PORT 3100 {"timestamp":"2023-10-14T14:21:59.698Z"}
info: Server running on PORT 3100 {"timestamp":"2023-10-14T14:22:02.123Z"}
info: Server running on PORT 3100 {"timestamp":"2023-10-14T14:22:09.584Z"}
info: Server running on PORT 3100 {"timestamp":"2023-10-14T14:22:20.067Z"}
info: Server running on PORT 3100 {"timestamp":"2023-10-14T14:22:26.325Z"}
info: Server running on PORT 3100 {"timestamp":"2023-10-14T14:22:30.627Z"}
info: Server running on PORT 3100 {"timestamp":"2023-10-14T14:22:41.272Z"}
info: Server running on PORT 3100 {"timestamp":"2023-10-14T14:22:43.753Z"}
info: Server running on PORT 3100 {"timestamp":"2023-10-14T14:22:52.124Z"}
info: Server running on PORT 3100 {"timestamp":"2023-10-14T14:22:53.807Z"}
info: Server running on PORT 3100 {"timestamp":"2023-10-14T14:23:00.415Z"}
info: Server running on PORT 3100 {"timestamp":"2023-10-14T14:23:07.005Z"}
info: Server running on PORT 3100 {"timestamp":"2023-10-14T14:23:13.261Z"}
info: Server running on PORT 3100 {"timestamp":"2023-10-14T14:23:18.334Z"}
info: Server running on PORT 3100 {"timestamp":"2023-10-14T14:23:24.197Z"}
info: Server running on PORT 3100 {"timestamp":"2023-10-14T14:23:37.406Z"}
info: Server running on PORT 3100 {"timestamp":"2023-10-14T14:23:49.310Z"}
info: Server running on PORT 3100 {"timestamp":"2023-10-14T14:23:54.233Z"}
info: Server running on PORT 3100 {"timestamp":"2023-10-14T14:23:59.703Z"}
info: Server running on PORT 3100 {"timestamp":"2023-10-14T14:24:14.836Z"}
info: Server running on PORT 3100 {"timestamp":"2023-10-14T14:24:17.556Z"}
info: Server running on PORT 3100 {"timestamp":"2023-10-14T14:24:20.563Z"}
info: Server running on PORT 3100 {"timestamp":"2023-10-14T14:24:26.012Z"}
info: Server running on PORT 3100 {"timestamp":"2023-10-14T14:24:29.431Z"}
info: Server running on PORT 3100 {"timestamp":"2023-10-14T14:27:26.438Z"}
info: Server running on PORT 3100 {"timestamp":"2023-10-14T14:28:52.098Z"}
info: Server running on PORT 3100 {"timestamp":"2023-10-14T14:40:01.432Z"}
info: Server running on PORT 3100 {"timestamp":"2023-10-14T14:40:04.731Z"}
info: Server running on PORT 3100 {"timestamp":"2023-10-14T14:40:13.529Z"}
info: Server running on PORT 3100 {"timestamp":"2023-10-14T14:40:23.751Z"}
info: Server running on PORT 3100 {"timestamp":"2023-10-14T14:40:40.737Z"}
info: Server running on PORT 3100 {"timestamp":"2023-10-14T14:40:46.345Z"}
info: Server running on PORT 3100 {"timestamp":"2023-10-14T14:41:02.391Z"}
info: Server running on PORT 3100 {"timestamp":"2023-10-14T14:41:03.780Z"}
info: Server running on PORT 3100 {"timestamp":"2023-10-14T14:41:13.491Z"}
info: Server running on PORT 3100 {"timestamp":"2023-10-14T14:41:21.153Z"}
info: Server running on PORT 3100 {"timestamp":"2023-10-14T14:41:39.840Z"}
info: Server running on PORT 3100 {"timestamp":"2023-10-14T14:41:45.974Z"}
info: Server running on PORT 3100 {"timestamp":"2023-10-14T14:41:58.118Z"}
info: Server running on PORT 3100 {"timestamp":"2023-10-14T14:42:10.331Z"}
info: Server running on PORT 3100 {"timestamp":"2023-10-14T14:42:24.919Z"}
info: Server running on PORT 3100 {"timestamp":"2023-10-14T14:42:29.692Z"}
info: Server running on PORT 3100 {"timestamp":"2023-10-14T14:42:51.545Z"}
info: Server running on PORT 3100 {"timestamp":"2023-10-14T14:43:06.831Z"}
info: Server running on PORT 3100 {"timestamp":"2023-10-14T14:44:07.666Z"}
info: Server running on PORT 3100 {"timestamp":"2023-10-14T14:44:11.671Z"}
info: Server running on PORT 3100 {"timestamp":"2023-10-14T14:44:17.562Z"}
info: Server running on PORT 3100 {"timestamp":"2023-10-14T14:44:20.477Z"}
info: Server running on PORT 3100 {"timestamp":"2023-10-14T14:44:30.355Z"}
info: Server running on PORT 3100 {"timestamp":"2023-10-14T14:44:43.760Z"}
info: Server running on PORT 3100 {"timestamp":"2023-10-14T14:44:46.194Z"}
info: Server running on PORT 3100 {"timestamp":"2023-10-14T14:44:51.378Z"}
info: Server running on PORT 3100 {"timestamp":"2023-10-14T14:45:01.122Z"}
info: Server running on PORT 3100 {"timestamp":"2023-10-14T14:45:08.770Z"}
info: Server running on PORT 3100 {"timestamp":"2023-10-14T14:45:20.719Z"}
info: Server running on PORT 3100 {"timestamp":"2023-10-14T14:45:25.647Z"}
info: Server running on PORT 3100 {"timestamp":"2023-10-14T14:45:32.855Z"}
info: Server running on PORT 3100 {"timestamp":"2023-10-14T14:45:44.232Z"}
info: Server running on PORT 3100 {"timestamp":"2023-10-14T14:45:48.284Z"}
info: Server running on PORT 3100 {"timestamp":"2023-10-14T14:45:54.723Z"}
info: Server running on PORT 3100 {"timestamp":"2023-10-14T14:46:01.863Z"}
info: Server running on PORT 3100 {"timestamp":"2023-10-14T14:46:05.961Z"}
info: Server running on PORT 3100 {"timestamp":"2023-10-14T14:46:20.595Z"}
info: Server running on PORT 3100 {"timestamp":"2023-10-14T14:46:32.597Z"}
info: Server running on PORT 3100 {"timestamp":"2023-10-14T14:46:34.134Z"}
info: Server running on PORT 3100 {"timestamp":"2023-10-14T14:46:48.647Z"}
info: Server running on PORT 3100 {"timestamp":"2023-10-14T14:46:50.876Z"}
info: Server running on PORT 3100 {"timestamp":"2023-10-14T14:46:57.126Z"}
info: Server running on PORT 3100 {"timestamp":"2023-10-14T14:46:59.194Z"}
info: Server running on PORT 3100 {"timestamp":"2023-10-14T14:47:02.123Z"}
info: Server running on PORT 3100 {"timestamp":"2023-10-14T14:47:19.442Z"}
info: Server running on PORT 3100 {"timestamp":"2023-10-14T14:47:21.273Z"}
info: Server running on PORT 3100 {"timestamp":"2023-10-14T14:47:46.035Z"}
info: Server running on PORT 3100 {"timestamp":"2023-10-14T14:48:13.045Z"}
info: Server running on PORT 3100 {"timestamp":"2023-10-14T14:48:20.326Z"}
info: Server running on PORT 3100 {"timestamp":"2023-10-14T14:48:24.668Z"}
info: Server running on PORT 3100 {"timestamp":"2023-10-14T14:48:29.510Z"}
info: Server running on PORT 3100 {"timestamp":"2023-10-14T14:48:37.087Z"}
info: Server running on PORT 3100 {"timestamp":"2023-10-14T14:48:48.964Z"}
info: Server running on PORT 3100 {"timestamp":"2023-10-14T14:50:56.626Z"}
info: Server running on PORT 3100 {"timestamp":"2023-10-14T14:51:06.672Z"}
info: Server running on PORT 3100 {"timestamp":"2023-10-14T14:51:18.906Z"}
info: Server running on PORT 3100 {"timestamp":"2023-10-14T14:51:34.120Z"}
info: Server running on PORT 3100 {"timestamp":"2023-10-14T14:51:37.468Z"}
info: Server running on PORT 3100 {"timestamp":"2023-10-14T14:51:40.774Z"}
info: Server running on PORT 3100 {"timestamp":"2023-10-14T14:51:42.923Z"}
info: Server running on PORT 3100 {"timestamp":"2023-10-14T14:51:57.360Z"}
info: Server running on PORT 3100 {"timestamp":"2023-10-14T14:52:03.417Z"}
info: Server running on PORT 3100 {"timestamp":"2023-10-14T14:53:06.111Z"}
info: Server running on PORT 3100 {"timestamp":"2023-10-14T14:53:43.166Z"}
info: Server running on PORT 3100 {"timestamp":"2023-10-14T14:54:03.202Z"}
info: Server running on PORT 3100 {"timestamp":"2023-10-14T14:54:06.418Z"}
info: Server running on PORT 3100 {"timestamp":"2023-10-14T14:54:17.990Z"}
info: Server running on PORT 3100 {"timestamp":"2023-10-14T14:54:46.942Z"}
info: Server running on PORT 3100 {"timestamp":"2023-10-14T14:54:56.559Z"}
info: Server running on PORT 3100 {"timestamp":"2023-10-14T14:55:01.914Z"}
info: Server running on PORT 3100 {"timestamp":"2023-10-14T14:55:23.077Z"}
info: Server running on PORT 3100 {"timestamp":"2023-10-14T14:55:28.987Z"}
info: Server running on PORT 3100 {"timestamp":"2023-10-14T14:55:37.103Z"}
info: Server running on PORT 3100 {"timestamp":"2023-10-14T14:55:39.264Z"}
info: Server running on PORT 3100 {"timestamp":"2023-10-14T14:55:45.193Z"}
info: Server running on PORT 3100 {"timestamp":"2023-10-14T14:57:41.955Z"}
info: Server running on PORT 3100 {"timestamp":"2023-10-14T14:57:50.069Z"}
info: Server running on PORT 3100 {"timestamp":"2023-10-14T14:58:03.444Z"}
info: Server running on PORT 3100 {"timestamp":"2023-10-14T14:58:05.742Z"}
info: Server running on PORT 3100 {"timestamp":"2023-10-14T15:05:46.001Z"}
info: POST /admin/create {"timestamp":"2023-10-14T15:18:35.879Z"}
info: POST /admin/currency {"timestamp":"2023-10-14T15:21:44.100Z"}
info: POST /auth/user/login {"timestamp":"2023-10-14T15:44:30.838Z"}
info: Server running on PORT 3100 {"timestamp":"2023-10-14T15:48:45.529Z"}
info: POST /auth/user/login {"timestamp":"2023-10-14T15:49:11.040Z"}
info: POST /auth/user/login {"timestamp":"2023-10-14T15:49:23.360Z"}
info: Server running on PORT 3100 {"timestamp":"2023-10-14T15:50:02.692Z"}
info: Server running on PORT 3100 {"timestamp":"2023-10-14T15:50:09.380Z"}
info: Server running on PORT 3100 {"timestamp":"2023-10-14T15:50:20.827Z"}
info: Server running on PORT 3100 {"timestamp":"2023-10-14T15:50:25.007Z"}
info: Server running on PORT 3100 {"timestamp":"2023-10-14T15:50:30.865Z"}
info: Server running on PORT 3100 {"timestamp":"2023-10-14T15:50:36.968Z"}
info: POST /auth/user/login {"timestamp":"2023-10-14T15:50:43.296Z"}
info: Server running on PORT 3100 {"timestamp":"2023-10-14T16:25:18.531Z"}
info: Server running on PORT 3100 {"timestamp":"2023-10-14T16:25:51.837Z"}
info: POST /auth/user/login {"timestamp":"2023-10-14T16:26:21.912Z"}
info: POST /auth/user/login {"timestamp":"2023-10-14T16:26:32.629Z"}
info: Server running on PORT 3100 {"timestamp":"2023-10-14T16:26:55.699Z"}
info: POST /auth/user/login {"timestamp":"2023-10-14T16:27:03.310Z"}
info: Server running on PORT 3100 {"timestamp":"2023-10-14T16:28:21.176Z"}
info: POST /auth/user/login {"timestamp":"2023-10-14T16:28:26.188Z"}
info: Server running on PORT 3100 {"timestamp":"2023-10-14T16:29:30.847Z"}
info: POST /auth/user/login {"timestamp":"2023-10-14T16:29:37.686Z"}
info: POST /auth/user/login {"timestamp":"2023-10-14T16:29:40.357Z"}
info: Server running on PORT 3100 {"timestamp":"2023-10-14T16:29:58.773Z"}
info: POST /auth/user/login {"timestamp":"2023-10-14T16:30:03.494Z"}
info: Server running on PORT 3100 {"timestamp":"2023-10-14T16:30:55.860Z"}
info: POST /auth/user/login {"timestamp":"2023-10-14T16:30:59.826Z"}
info: Server running on PORT 3100 {"timestamp":"2023-10-14T16:31:12.659Z"}
info: Server running on PORT 3100 {"timestamp":"2023-10-14T16:31:19.292Z"}
info: Server running on PORT 3100 {"timestamp":"2023-10-14T16:31:29.952Z"}
info: Server running on PORT 3100 {"timestamp":"2023-10-14T16:31:36.568Z"}
info: POST /auth/user/login {"timestamp":"2023-10-14T16:31:41.056Z"}
info: Server running on PORT 3100 {"timestamp":"2023-10-14T16:31:56.672Z"}
info: POST /auth/user/login {"timestamp":"2023-10-14T16:31:58.055Z"}
info: Server running on PORT 3100 {"timestamp":"2023-10-14T16:32:12.441Z"}
info: Server running on PORT 3100 {"timestamp":"2023-10-14T16:32:21.904Z"}
info: POST /auth/user/login {"timestamp":"2023-10-14T16:32:25.639Z"}
info: Server running on PORT 3100 {"timestamp":"2023-10-14T16:32:49.791Z"}
info: Server running on PORT 3100 {"timestamp":"2023-10-14T16:32:56.443Z"}
info: POST /auth/user/login {"timestamp":"2023-10-14T16:33:01.020Z"}
info: Server running on PORT 3100 {"timestamp":"2023-10-14T16:33:34.452Z"}
info: Server running on PORT 3100 {"timestamp":"2023-10-14T16:33:37.430Z"}
info: POST /auth/user/login {"timestamp":"2023-10-14T16:33:43.440Z"}
info: Server running on PORT 3100 {"timestamp":"2023-10-14T16:34:14.170Z"}
info: POST /auth/user/login {"timestamp":"2023-10-14T16:34:19.009Z"}
info: POST /auth/user/login {"timestamp":"2023-10-14T16:34:49.532Z"}
info: POST /auth/user/login {"timestamp":"2023-10-14T16:34:54.392Z"}
info: Server running on PORT 3100 {"timestamp":"2023-10-14T16:35:22.452Z"}
info: Server running on PORT 3100 {"timestamp":"2023-10-14T16:35:33.458Z"}
info: POST /auth/user/login {"timestamp":"2023-10-14T16:35:43.375Z"}
info: Server running on PORT 3100 {"timestamp":"2023-10-14T17:38:17.914Z"}
info: Server running on PORT 3100 {"timestamp":"2023-10-14T17:39:47.338Z"}
info: Server running on PORT 3100 {"timestamp":"2023-10-14T17:39:54.346Z"}
info: Server running on PORT 3100 {"timestamp":"2023-10-14T17:40:02.602Z"}
info: Server running on PORT 3100 {"timestamp":"2023-10-14T17:40:07.722Z"}
info: Server running on PORT 3100 {"timestamp":"2023-10-14T17:40:13.294Z"}
info: Server running on PORT 3100 {"timestamp":"2023-10-14T17:40:15.650Z"}
info: Server running on PORT 3100 {"timestamp":"2023-10-14T17:43:07.107Z"}
info: POST /auth/user/login {"timestamp":"2023-10-14T17:48:30.006Z"}
info: Server running on PORT 3100 {"timestamp":"2023-10-14T17:49:48.543Z"}
info: POST /auth/user/login {"timestamp":"2023-10-14T17:50:00.894Z"}
info: Server running on PORT 3100 {"timestamp":"2023-10-14T17:50:51.492Z"}
info: POST /auth/user/login {"timestamp":"2023-10-14T17:50:56.003Z"}
info: Server running on PORT 3100 {"timestamp":"2023-10-14T17:51:38.481Z"}
info: POST /auth/user/login {"timestamp":"2023-10-14T17:52:10.955Z"}
info: Server running on PORT 3100 {"timestamp":"2023-10-14T18:00:34.428Z"}
info: Server running on PORT 3100 {"timestamp":"2023-10-14T18:00:49.060Z"}
info: Server running on PORT 3100 {"timestamp":"2023-10-14T18:00:53.783Z"}
info: Server running on PORT 3100 {"timestamp":"2023-10-14T18:01:58.210Z"}
info: Server running on PORT 3100 {"timestamp":"2023-10-14T18:02:27.613Z"}
info: Server running on PORT 3100 {"timestamp":"2023-10-14T18:02:37.455Z"}
info: Server running on PORT 3100 {"timestamp":"2023-10-14T18:04:18.982Z"}
info: Server running on PORT 3100 {"timestamp":"2023-10-14T18:04:34.788Z"}
info: Server running on PORT 3100 {"timestamp":"2023-10-14T18:05:23.605Z"}
info: Server running on PORT 3100 {"timestamp":"2023-10-14T18:06:23.807Z"}
info: Server running on PORT 3100 {"timestamp":"2023-10-14T18:06:37.927Z"}
info: Server running on PORT 3100 {"timestamp":"2023-10-14T18:07:05.272Z"}
info: Server running on PORT 3100 {"timestamp":"2023-10-14T18:08:02.447Z"}
info: Server running on PORT 3100 {"timestamp":"2023-10-14T18:08:17.182Z"}
info: Server running on PORT 3100 {"timestamp":"2023-10-14T18:08:23.619Z"}
info: Server running on PORT 3100 {"timestamp":"2023-10-14T18:08:30.286Z"}
info: Server running on PORT 3100 {"timestamp":"2023-10-14T18:08:39.427Z"}
info: Server running on PORT 3100 {"timestamp":"2023-10-14T18:08:46.719Z"}
info: Server running on PORT 3100 {"timestamp":"2023-10-14T18:09:54.172Z"}
info: Server running on PORT 3100 {"timestamp":"2023-10-14T18:09:57.313Z"}
info: Server running on PORT 3100 {"timestamp":"2023-10-14T18:10:35.036Z"}
info: Server running on PORT 3100 {"timestamp":"2023-10-14T18:11:05.231Z"}
info: POST /auth/user/login {"timestamp":"2023-10-14T18:11:53.272Z"}
info: Server running on PORT 3100 {"timestamp":"2023-10-14T18:17:08.053Z"}
info: Server running on PORT 3100 {"timestamp":"2023-10-14T18:17:38.801Z"}
info: POST /auth/user/login {"timestamp":"2023-10-14T18:17:44.642Z"}
info: Server running on PORT 3100 {"timestamp":"2023-10-14T18:23:40.333Z"}
info: Server running on PORT 3100 {"timestamp":"2023-10-14T18:23:55.897Z"}
info: POST /auth/user/login {"timestamp":"2023-10-14T18:24:50.545Z"}
info: Server running on PORT 3100 {"timestamp":"2023-10-14T18:30:59.258Z"}
info: Server running on PORT 3100 {"timestamp":"2023-10-14T18:31:34.720Z"}
info: Server running on PORT 3100 {"timestamp":"2023-10-14T18:31:38.011Z"}
info: Server running on PORT 3100 {"timestamp":"2023-10-14T18:31:42.040Z"}
info: Server running on PORT 3100 {"timestamp":"2023-10-14T18:31:44.190Z"}
info: POST /auth/user/login {"timestamp":"2023-10-14T18:32:01.770Z"}
info: Server running on PORT 3100 {"timestamp":"2023-10-14T18:32:56.754Z"}
info: Server running on PORT 3100 {"timestamp":"2023-10-14T18:33:05.342Z"}
info: POST /auth/user/login {"timestamp":"2023-10-14T18:33:23.541Z"}
info: Server running on PORT 3100 {"timestamp":"2023-10-14T18:41:24.402Z"}
info: Server running on PORT 3100 {"timestamp":"2023-10-14T18:41:29.080Z"}
info: Server running on PORT 3100 {"timestamp":"2023-10-14T18:41:59.662Z"}
info: POST /auth/user/login {"timestamp":"2023-10-14T18:44:39.550Z"}
{"level":"info","message":"Server running on PORT 3100"}
{"level":"info","message":"Server running on PORT 3100"}
{"level":"info","message":"POST /auth/user/login"}
{"level":"info","message":"User with email hzprincess01@gmail.com and role user retrieved from database"}
{"level":"info","message":"Server running on PORT 3100"}
{"level":"info","message":"Server running on PORT 3100"}
{"level":"info","message":"Server running on PORT 3100"}
{"level":"info","message":"POST /auth/user/login"}
{"level":"info","message":"User with email hzprincess01@gmail.com and role user retrieved from database"}
{"level":"info","message":"Server running on PORT 3100"}
{"level":"info","message":"POST /admin/currency"}
{"level":"info","message":"Server running on PORT 3100"}
{"level":"info","message":"Server running on PORT 3100"}
{"level":"info","message":"Server running on PORT 3100"}
{"level":"info","message":"Server running on PORT 3100"}
{"level":"info","message":"Server running on PORT 3100"}
{"level":"info","message":"Server running on PORT 3100"}
{"level":"info","message":"Server running on PORT 3100"}
{"level":"info","message":"POST /admin/currency"}
{"level":"info","message":"Server running on PORT 3100"}
{"level":"info","message":"Server running on PORT 3100"}
{"level":"info","message":"POST /admin/currency/role"}
{"level":"info","message":"POST /admin/currency/admin"}
{"level":"info","message":"Server running on PORT 3100"}
{"level":"info","message":"POST /admin/currency/admin"}
{"level":"info","message":"Server running on PORT 3100"}
{"level":"info","message":"Server running on PORT 3100"}
{"level":"info","message":"POST /auth/user/login"}
{"level":"info","message":"User with email hzprincess01@gmail.com and role user retrieved from database"}
{"level":"info","message":"POST /auth/user/login"}
{"level":"info","message":"User with email hzprincess01@gmail.com and role user retrieved from database"}
{"level":"info","message":"POST /auth/user/login"}
{"level":"info","message":"User with email hzprincess01@gmail.com and role user retrieved from database"}
{"level":"info","message":"Server running on PORT 3100"}
{"level":"info","message":"Server running on PORT 3100"}
{"level":"info","message":"Server running on PORT 3100"}
{"level":"info","message":"Server running on PORT 3100"}
{"level":"info","message":"Server running on PORT 3100"}
{"level":"info","message":"POST /auth/user/login"}
{"level":"info","message":"User with email hzprincess01@gmail.com and role user retrieved from database"}
{"level":"info","message":"POST /auth/user/login"}
{"level":"info","message":"User with email hzprincess01@gmail.com and role user retrieved from database"}
{"level":"info","message":"POST /auth/user/login"}
{"level":"info","message":"User with email hzprincess01@gmail.com and role user retrieved from database"}
{"level":"info","message":"Server running on PORT 3100"}
{"level":"info","message":"Server running on PORT 3100"}
{"level":"info","message":"POST /auth/user/login"}
{"level":"info","message":"User with email hzprincess01@gmail.com and role user retrieved from database"}
{"level":"info","message":"Server running on PORT 3100"}
{"level":"info","message":"Server running on PORT 3100"}
{"level":"info","message":"POST /auth/user/login"}
{"level":"info","message":"User with email hzprincess01@gmail.com and role user retrieved from database"}
{"level":"info","message":"Server running on PORT 3100"}
{"level":"info","message":"Server running on PORT 3100"}
{"level":"info","message":"Server running on PORT 3100"}
{"level":"info","message":"Server running on PORT 3100"}
{"level":"info","message":"POST /auth/user/login"}
{"level":"info","message":"User with email hzprincess01@gmail.com and role user retrieved from database"}
{"level":"info","message":"POST /auth/user/login"}
{"level":"info","message":"User with email hzprincess01@gmail.com and role user retrieved from database"}
{"level":"info","message":"Server running on PORT 3100"}
{"level":"info","message":"Server running on PORT 3100"}
{"level":"info","message":"Server running on PORT 3100"}
{"level":"info","message":"POST /auth/user/login"}
{"level":"info","message":"User with email hzprincess01@gmail.com and role User retrieved from database"}
{"level":"info","message":"POST /auth/user/login"}
{"level":"info","message":"User with email hzprincess01@gmail.com and role User retrieved from database"}
{"level":"info","message":"Server running on PORT 3100"}
{"level":"info","message":"Server running on PORT 3100"}
{"level":"info","message":"POST /auth/user/login"}
{"level":"info","message":"User with email hzprincess01@gmail.com and role User retrieved from database"}
{"level":"info","message":"POST /auth/user/login"}
{"level":"info","message":"User with email hzprincess01@gmail.com and role User retrieved from database"}
 
